<?xml version="1.0" encoding="UTF-8"?>
<testng-results ignored="0" total="1" passed="1" failed="0" skipped="0">
  <reporter-output>
  </reporter-output>
  <suite started-at="2024-02-23T18:02:08 NPT" name="Default suite" finished-at="2024-02-23T18:02:19 NPT" duration-ms="11448">
    <groups>
    </groups>
    <test started-at="2024-02-23T18:02:08 NPT" name="Default test" finished-at="2024-02-23T18:02:19 NPT" duration-ms="11448">
      <class name="Blaze.blazedemo">
        <test-method signature="flightbooking()[pri:0, instance:Blaze.blazedemo@611889f4]" started-at="2024-02-23T18:02:08 NPT" name="flightbooking" finished-at="2024-02-23T18:02:19 NPT" duration-ms="11384" status="PASS">
          <reporter-output>
          </reporter-output>
        </test-method> <!-- flightbooking -->
      </class> <!-- Blaze.blazedemo -->
    </test> <!-- Default test -->
  </suite> <!-- Default suite -->
</testng-results>
